Internal Server Error: /a
Internal Server Error: /todos
Internal Server Error: /favicon.ico
Internal Server Error: /lo
Internal Server Error: /favicon.ico
Internal Server Error: /ja
Internal Server Error: /ja
Internal Server Error: /j/formulario/proposta_de_venda/
Traceback (most recent call last):
  File "C:\Users\Gabriel\Documents\Documentos\Projetos\JPS\JuridicoPrimeSoho\venv\Lib\site-packages\asgiref\sync.py", line 518, in thread_handler
    raise exc_info[1]
  File "C:\Users\Gabriel\Documents\Documentos\Projetos\JPS\JuridicoPrimeSoho\venv\Lib\site-packages\django\core\handlers\exception.py", line 42, in inner
    response = await get_response(request)
               ^^^^^^^^^^^^^^^^^^^^^^^^^^^
  File "C:\Users\Gabriel\Documents\Documentos\Projetos\JPS\JuridicoPrimeSoho\venv\Lib\site-packages\asgiref\sync.py", line 518, in thread_handler
    raise exc_info[1]
  File "C:\Users\Gabriel\Documents\Documentos\Projetos\JPS\JuridicoPrimeSoho\venv\Lib\site-packages\django\core\handlers\base.py", line 253, in _get_response_async
    response = await wrapped_callback(
               ^^^^^^^^^^^^^^^^^^^^^^^
  File "C:\Users\Gabriel\Documents\Documentos\Projetos\JPS\JuridicoPrimeSoho\venv\Lib\site-packages\asgiref\sync.py", line 468, in __call__
    ret = await asyncio.shield(exec_coro)
          ^^^^^^^^^^^^^^^^^^^^^^^^^^^^^^^
  File "C:\Users\Gabriel\Documents\Documentos\Projetos\JPS\JuridicoPrimeSoho\venv\Lib\site-packages\asgiref\current_thread_executor.py", line 40, in run
    result = self.fn(*self.args, **self.kwargs)
             ^^^^^^^^^^^^^^^^^^^^^^^^^^^^^^^^^^
  File "C:\Users\Gabriel\Documents\Documentos\Projetos\JPS\JuridicoPrimeSoho\venv\Lib\site-packages\asgiref\sync.py", line 522, in thread_handler
    return func(*args, **kwargs)
           ^^^^^^^^^^^^^^^^^^^^^
  File "C:\Users\Gabriel\Documents\Documentos\Projetos\JPS\JuridicoPrimeSoho\venv\Lib\site-packages\django\contrib\auth\decorators.py", line 60, in _view_wrapper
    return view_func(request, *args, **kwargs)
           ^^^^^^^^^^^^^^^^^^^^^^^^^^^^^^^^^^^
  File "C:\Users\Gabriel\Documents\Documentos\Projetos\JPS\JuridicoPrimeSoho\juridico\views.py", line 83, in formulario
    return render(request, 'form.html', {'form_html': form_html})
           ^^^^^^^^^^^^^^^^^^^^^^^^^^^^^^^^^^^^^^^^^^^^^^^^^^^^^^
  File "C:\Users\Gabriel\Documents\Documentos\Projetos\JPS\JuridicoPrimeSoho\venv\Lib\site-packages\django\shortcuts.py", line 25, in render
    content = loader.render_to_string(template_name, context, request, using=using)
              ^^^^^^^^^^^^^^^^^^^^^^^^^^^^^^^^^^^^^^^^^^^^^^^^^^^^^^^^^^^^^^^^^^^^^
  File "C:\Users\Gabriel\Documents\Documentos\Projetos\JPS\JuridicoPrimeSoho\venv\Lib\site-packages\django\template\loader.py", line 62, in render_to_string
    return template.render(context, request)
           ^^^^^^^^^^^^^^^^^^^^^^^^^^^^^^^^^
  File "C:\Users\Gabriel\Documents\Documentos\Projetos\JPS\JuridicoPrimeSoho\venv\Lib\site-packages\django\template\backends\django.py", line 107, in render
    return self.template.render(context)
           ^^^^^^^^^^^^^^^^^^^^^^^^^^^^^
  File "C:\Users\Gabriel\Documents\Documentos\Projetos\JPS\JuridicoPrimeSoho\venv\Lib\site-packages\django\template\base.py", line 171, in render
    return self._render(context)
           ^^^^^^^^^^^^^^^^^^^^^
  File "C:\Users\Gabriel\Documents\Documentos\Projetos\JPS\JuridicoPrimeSoho\venv\Lib\site-packages\django\template\base.py", line 163, in _render
    return self.nodelist.render(context)
           ^^^^^^^^^^^^^^^^^^^^^^^^^^^^^
  File "C:\Users\Gabriel\Documents\Documentos\Projetos\JPS\JuridicoPrimeSoho\venv\Lib\site-packages\django\template\base.py", line 1008, in render
    return SafeString("".join([node.render_annotated(context) for node in self]))
                               ^^^^^^^^^^^^^^^^^^^^^^^^^^^^^^
  File "C:\Users\Gabriel\Documents\Documentos\Projetos\JPS\JuridicoPrimeSoho\venv\Lib\site-packages\django\template\base.py", line 969, in render_annotated
    return self.render(context)
           ^^^^^^^^^^^^^^^^^^^^
  File "C:\Users\Gabriel\Documents\Documentos\Projetos\JPS\JuridicoPrimeSoho\venv\Lib\site-packages\django\template\defaulttags.py", line 480, in render
    url = reverse(view_name, args=args, kwargs=kwargs, current_app=current_app)
          ^^^^^^^^^^^^^^^^^^^^^^^^^^^^^^^^^^^^^^^^^^^^^^^^^^^^^^^^^^^^^^^^^^^^^
  File "C:\Users\Gabriel\Documents\Documentos\Projetos\JPS\JuridicoPrimeSoho\venv\Lib\site-packages\django\urls\base.py", line 88, in reverse
    return resolver._reverse_with_prefix(view, prefix, *args, **kwargs)
           ^^^^^^^^^^^^^^^^^^^^^^^^^^^^^^^^^^^^^^^^^^^^^^^^^^^^^^^^^^^^
  File "C:\Users\Gabriel\Documents\Documentos\Projetos\JPS\JuridicoPrimeSoho\venv\Lib\site-packages\django\urls\resolvers.py", line 831, in _reverse_with_prefix
    raise NoReverseMatch(msg)
django.urls.exceptions.NoReverseMatch: Reverse for 'formulario' with no arguments not found. 1 pattern(s) tried: ['j/formulario/(?P<folder>[^/]+)/\\Z']
Internal Server Error: /j/formulario/proposta_de_venda/
Traceback (most recent call last):
  File "C:\Users\Gabriel\Documents\Documentos\Projetos\JPS\JuridicoPrimeSoho\venv\Lib\site-packages\asgiref\sync.py", line 518, in thread_handler
    raise exc_info[1]
  File "C:\Users\Gabriel\Documents\Documentos\Projetos\JPS\JuridicoPrimeSoho\venv\Lib\site-packages\django\core\handlers\exception.py", line 42, in inner
    response = await get_response(request)
               ^^^^^^^^^^^^^^^^^^^^^^^^^^^
  File "C:\Users\Gabriel\Documents\Documentos\Projetos\JPS\JuridicoPrimeSoho\venv\Lib\site-packages\asgiref\sync.py", line 518, in thread_handler
    raise exc_info[1]
  File "C:\Users\Gabriel\Documents\Documentos\Projetos\JPS\JuridicoPrimeSoho\venv\Lib\site-packages\django\core\handlers\base.py", line 253, in _get_response_async
    response = await wrapped_callback(
               ^^^^^^^^^^^^^^^^^^^^^^^
  File "C:\Users\Gabriel\Documents\Documentos\Projetos\JPS\JuridicoPrimeSoho\venv\Lib\site-packages\asgiref\sync.py", line 468, in __call__
    ret = await asyncio.shield(exec_coro)
          ^^^^^^^^^^^^^^^^^^^^^^^^^^^^^^^
  File "C:\Users\Gabriel\Documents\Documentos\Projetos\JPS\JuridicoPrimeSoho\venv\Lib\site-packages\asgiref\current_thread_executor.py", line 40, in run
    result = self.fn(*self.args, **self.kwargs)
             ^^^^^^^^^^^^^^^^^^^^^^^^^^^^^^^^^^
  File "C:\Users\Gabriel\Documents\Documentos\Projetos\JPS\JuridicoPrimeSoho\venv\Lib\site-packages\asgiref\sync.py", line 522, in thread_handler
    return func(*args, **kwargs)
           ^^^^^^^^^^^^^^^^^^^^^
  File "C:\Users\Gabriel\Documents\Documentos\Projetos\JPS\JuridicoPrimeSoho\venv\Lib\site-packages\django\contrib\auth\decorators.py", line 60, in _view_wrapper
    return view_func(request, *args, **kwargs)
           ^^^^^^^^^^^^^^^^^^^^^^^^^^^^^^^^^^^
  File "C:\Users\Gabriel\Documents\Documentos\Projetos\JPS\JuridicoPrimeSoho\juridico\views.py", line 83, in formulario
    return render(request, 'form.html', {'form_html': form_html})
           ^^^^^^^^^^^^^^^^^^^^^^^^^^^^^^^^^^^^^^^^^^^^^^^^^^^^^^
  File "C:\Users\Gabriel\Documents\Documentos\Projetos\JPS\JuridicoPrimeSoho\venv\Lib\site-packages\django\shortcuts.py", line 25, in render
    content = loader.render_to_string(template_name, context, request, using=using)
              ^^^^^^^^^^^^^^^^^^^^^^^^^^^^^^^^^^^^^^^^^^^^^^^^^^^^^^^^^^^^^^^^^^^^^
  File "C:\Users\Gabriel\Documents\Documentos\Projetos\JPS\JuridicoPrimeSoho\venv\Lib\site-packages\django\template\loader.py", line 62, in render_to_string
    return template.render(context, request)
           ^^^^^^^^^^^^^^^^^^^^^^^^^^^^^^^^^
  File "C:\Users\Gabriel\Documents\Documentos\Projetos\JPS\JuridicoPrimeSoho\venv\Lib\site-packages\django\template\backends\django.py", line 107, in render
    return self.template.render(context)
           ^^^^^^^^^^^^^^^^^^^^^^^^^^^^^
  File "C:\Users\Gabriel\Documents\Documentos\Projetos\JPS\JuridicoPrimeSoho\venv\Lib\site-packages\django\template\base.py", line 171, in render
    return self._render(context)
           ^^^^^^^^^^^^^^^^^^^^^
  File "C:\Users\Gabriel\Documents\Documentos\Projetos\JPS\JuridicoPrimeSoho\venv\Lib\site-packages\django\template\base.py", line 163, in _render
    return self.nodelist.render(context)
           ^^^^^^^^^^^^^^^^^^^^^^^^^^^^^
  File "C:\Users\Gabriel\Documents\Documentos\Projetos\JPS\JuridicoPrimeSoho\venv\Lib\site-packages\django\template\base.py", line 1008, in render
    return SafeString("".join([node.render_annotated(context) for node in self]))
                               ^^^^^^^^^^^^^^^^^^^^^^^^^^^^^^
  File "C:\Users\Gabriel\Documents\Documentos\Projetos\JPS\JuridicoPrimeSoho\venv\Lib\site-packages\django\template\base.py", line 969, in render_annotated
    return self.render(context)
           ^^^^^^^^^^^^^^^^^^^^
  File "C:\Users\Gabriel\Documents\Documentos\Projetos\JPS\JuridicoPrimeSoho\venv\Lib\site-packages\django\template\defaulttags.py", line 480, in render
    url = reverse(view_name, args=args, kwargs=kwargs, current_app=current_app)
          ^^^^^^^^^^^^^^^^^^^^^^^^^^^^^^^^^^^^^^^^^^^^^^^^^^^^^^^^^^^^^^^^^^^^^
  File "C:\Users\Gabriel\Documents\Documentos\Projetos\JPS\JuridicoPrimeSoho\venv\Lib\site-packages\django\urls\base.py", line 88, in reverse
    return resolver._reverse_with_prefix(view, prefix, *args, **kwargs)
           ^^^^^^^^^^^^^^^^^^^^^^^^^^^^^^^^^^^^^^^^^^^^^^^^^^^^^^^^^^^^
  File "C:\Users\Gabriel\Documents\Documentos\Projetos\JPS\JuridicoPrimeSoho\venv\Lib\site-packages\django\urls\resolvers.py", line 831, in _reverse_with_prefix
    raise NoReverseMatch(msg)
django.urls.exceptions.NoReverseMatch: Reverse for 'formulario' with no arguments not found. 1 pattern(s) tried: ['j/formulario/(?P<folder>[^/]+)/\\Z']
Internal Server Error: /j/formulario/proposta_de_venda
Traceback (most recent call last):
  File "C:\Users\Gabriel\Documents\Documentos\Projetos\JPS\JuridicoPrimeSoho\venv\Lib\site-packages\asgiref\sync.py", line 518, in thread_handler
    raise exc_info[1]
  File "C:\Users\Gabriel\Documents\Documentos\Projetos\JPS\JuridicoPrimeSoho\venv\Lib\site-packages\django\core\handlers\exception.py", line 42, in inner
    response = await get_response(request)
               ^^^^^^^^^^^^^^^^^^^^^^^^^^^
  File "C:\Users\Gabriel\Documents\Documentos\Projetos\JPS\JuridicoPrimeSoho\venv\Lib\site-packages\django\utils\deprecation.py", line 147, in __acall__
    response = await sync_to_async(
               ^^^^^^^^^^^^^^^^^^^^
  File "C:\Users\Gabriel\Documents\Documentos\Projetos\JPS\JuridicoPrimeSoho\venv\Lib\site-packages\asgiref\sync.py", line 468, in __call__
    ret = await asyncio.shield(exec_coro)
          ^^^^^^^^^^^^^^^^^^^^^^^^^^^^^^^
  File "C:\Users\Gabriel\Documents\Documentos\Projetos\JPS\JuridicoPrimeSoho\venv\Lib\site-packages\asgiref\current_thread_executor.py", line 40, in run
    result = self.fn(*self.args, **self.kwargs)
             ^^^^^^^^^^^^^^^^^^^^^^^^^^^^^^^^^^
  File "C:\Users\Gabriel\Documents\Documentos\Projetos\JPS\JuridicoPrimeSoho\venv\Lib\site-packages\asgiref\sync.py", line 522, in thread_handler
    return func(*args, **kwargs)
           ^^^^^^^^^^^^^^^^^^^^^
  File "C:\Users\Gabriel\Documents\Documentos\Projetos\JPS\JuridicoPrimeSoho\venv\Lib\site-packages\django\middleware\common.py", line 108, in process_response
    return self.response_redirect_class(self.get_full_path_with_slash(request))
                                        ^^^^^^^^^^^^^^^^^^^^^^^^^^^^^^^^^^^^^^
  File "C:\Users\Gabriel\Documents\Documentos\Projetos\JPS\JuridicoPrimeSoho\venv\Lib\site-packages\django\middleware\common.py", line 87, in get_full_path_with_slash
    raise RuntimeError(
RuntimeError: You called this URL via POST, but the URL doesn't end in a slash and you have APPEND_SLASH set. Django can't redirect to the slash URL while maintaining POST data. Change your form to point to dreamlandsmc.com.br/j/formulario/proposta_de_venda/ (note the trailing slash), or set APPEND_SLASH=False in your Django settings.
